<?xml version="1.0" encoding="UTF-8"?>
<testsuite xmlns:xsi="http://www.w3.org/2001/XMLSchema-instance" xsi:noNamespaceSchemaLocation="https://maven.apache.org/surefire/maven-surefire-plugin/xsd/surefire-test-report-3.0.xsd" version="3.0" name="com.example.AppTest" time="0.146" tests="3" errors="0" skipped="0" failures="0">
  <properties>
[...]
</properties>
  <testcase name="testApp" classname="com.example.AppTest" time="0.057"/>
  <testcase name="additionShouldWork" classname="com.example.AppTest" time="0.002"/>
  <testcase name="test" classname="com.example.AppTest" time="0.011">
    <system-out><![CDATA[Hello, World!
]]></system-out>
  </testcase>
</testsuite>